[2023-07-18T08:51:16.386+0000] {taskinstance.py:1090} INFO - Dependencies all met for dep_context=non-requeueable deps ti=<TaskInstance: get_nasdaq_dividends.download_nasdaq_dividends manual__2023-07-18T08:47:00.948502+00:00 [queued]>
[2023-07-18T08:51:16.396+0000] {taskinstance.py:1090} INFO - Dependencies all met for dep_context=requeueable deps ti=<TaskInstance: get_nasdaq_dividends.download_nasdaq_dividends manual__2023-07-18T08:47:00.948502+00:00 [queued]>
[2023-07-18T08:51:16.397+0000] {taskinstance.py:1288} INFO - 
--------------------------------------------------------------------------------
[2023-07-18T08:51:16.534+0000] {taskinstance.py:1289} INFO - Starting attempt 1 of 2
[2023-07-18T08:51:16.534+0000] {taskinstance.py:1290} INFO - 
--------------------------------------------------------------------------------
[2023-07-18T08:51:16.622+0000] {taskinstance.py:1309} INFO - Executing <Task(PythonOperator): download_nasdaq_dividends> on 2023-07-18 08:47:00.948502+00:00
[2023-07-18T08:51:16.627+0000] {standard_task_runner.py:55} INFO - Started process 589 to run task
[2023-07-18T08:51:16.630+0000] {standard_task_runner.py:82} INFO - Running: ['***', 'tasks', 'run', 'get_nasdaq_dividends', 'download_nasdaq_dividends', 'manual__2023-07-18T08:47:00.948502+00:00', '--job-id', '4529', '--raw', '--subdir', 'DAGS_FOLDER/dag1.py', '--cfg-path', '/tmp/tmppe8f3jqs']
[2023-07-18T08:51:16.632+0000] {standard_task_runner.py:83} INFO - Job 4529: Subtask download_nasdaq_dividends
[2023-07-18T08:51:16.737+0000] {task_command.py:389} INFO - Running <TaskInstance: get_nasdaq_dividends.download_nasdaq_dividends manual__2023-07-18T08:47:00.948502+00:00 [running]> on host bf7eb8ba8b3d
[2023-07-18T08:51:16.888+0000] {taskinstance.py:1516} INFO - Exporting the following env vars:
AIRFLOW_CTX_DAG_OWNER=***
AIRFLOW_CTX_DAG_ID=get_nasdaq_dividends
AIRFLOW_CTX_TASK_ID=download_nasdaq_dividends
AIRFLOW_CTX_EXECUTION_DATE=2023-07-18T08:47:00.948502+00:00
AIRFLOW_CTX_TRY_NUMBER=1
AIRFLOW_CTX_DAG_RUN_ID=manual__2023-07-18T08:47:00.948502+00:00
[2023-07-18T08:51:20.262+0000] {python.py:177} INFO - Done. Returned value was: None
[2023-07-18T08:51:20.272+0000] {taskinstance.py:1327} INFO - Marking task as SUCCESS. dag_id=get_nasdaq_dividends, task_id=download_nasdaq_dividends, execution_date=20230718T084700, start_date=20230718T085116, end_date=20230718T085120
[2023-07-18T08:51:20.414+0000] {local_task_job.py:212} INFO - Task exited with return code 0
[2023-07-18T08:51:20.429+0000] {taskinstance.py:2596} INFO - 0 downstream tasks scheduled from follow-on schedule check
