[2023-07-18T08:51:07.709+0000] {taskinstance.py:1090} INFO - Dependencies all met for dep_context=non-requeueable deps ti=<TaskInstance: get_nasdaq_dividends.install_finance_calendars manual__2023-07-18T08:47:00.948502+00:00 [queued]>
[2023-07-18T08:51:07.716+0000] {taskinstance.py:1090} INFO - Dependencies all met for dep_context=requeueable deps ti=<TaskInstance: get_nasdaq_dividends.install_finance_calendars manual__2023-07-18T08:47:00.948502+00:00 [queued]>
[2023-07-18T08:51:07.717+0000] {taskinstance.py:1288} INFO - 
--------------------------------------------------------------------------------
[2023-07-18T08:51:07.877+0000] {taskinstance.py:1289} INFO - Starting attempt 1 of 2
[2023-07-18T08:51:07.878+0000] {taskinstance.py:1290} INFO - 
--------------------------------------------------------------------------------
[2023-07-18T08:51:07.996+0000] {taskinstance.py:1309} INFO - Executing <Task(PythonOperator): install_finance_calendars> on 2023-07-18 08:47:00.948502+00:00
[2023-07-18T08:51:08.001+0000] {standard_task_runner.py:55} INFO - Started process 552 to run task
[2023-07-18T08:51:08.005+0000] {standard_task_runner.py:82} INFO - Running: ['***', 'tasks', 'run', 'get_nasdaq_dividends', 'install_finance_calendars', 'manual__2023-07-18T08:47:00.948502+00:00', '--job-id', '4521', '--raw', '--subdir', 'DAGS_FOLDER/dag1.py', '--cfg-path', '/tmp/tmpyor2js5g']
[2023-07-18T08:51:08.007+0000] {standard_task_runner.py:83} INFO - Job 4521: Subtask install_finance_calendars
[2023-07-18T08:51:08.117+0000] {task_command.py:389} INFO - Running <TaskInstance: get_nasdaq_dividends.install_finance_calendars manual__2023-07-18T08:47:00.948502+00:00 [running]> on host bf7eb8ba8b3d
[2023-07-18T08:51:08.456+0000] {taskinstance.py:1516} INFO - Exporting the following env vars:
AIRFLOW_CTX_DAG_OWNER=***
AIRFLOW_CTX_DAG_ID=get_nasdaq_dividends
AIRFLOW_CTX_TASK_ID=install_finance_calendars
AIRFLOW_CTX_EXECUTION_DATE=2023-07-18T08:47:00.948502+00:00
AIRFLOW_CTX_TRY_NUMBER=1
AIRFLOW_CTX_DAG_RUN_ID=manual__2023-07-18T08:47:00.948502+00:00
[2023-07-18T08:51:14.830+0000] {python.py:177} INFO - Done. Returned value was: None
[2023-07-18T08:51:14.838+0000] {taskinstance.py:1327} INFO - Marking task as SUCCESS. dag_id=get_nasdaq_dividends, task_id=install_finance_calendars, execution_date=20230718T084700, start_date=20230718T085107, end_date=20230718T085114
[2023-07-18T08:51:14.959+0000] {local_task_job.py:212} INFO - Task exited with return code 0
[2023-07-18T08:51:14.978+0000] {taskinstance.py:2596} INFO - 1 downstream tasks scheduled from follow-on schedule check
